\BOOKMARK [1][-]{section.1}{Abstract}{}% 1
\BOOKMARK [1][-]{section.2}{Introduction}{}% 2
\BOOKMARK [1][-]{section.3}{Data Preprocessing}{}% 3
\BOOKMARK [1][-]{section.4}{Feature Engineering \(dimensionality reduction\)}{}% 4
\BOOKMARK [1][-]{section.5}{Use of Classfication and Clustering Algorithm}{}% 5
\BOOKMARK [2][-]{subsection.5.1}{First Classification Algorithm: Decision Tree Classification}{section.5}% 6
\BOOKMARK [2][-]{subsection.5.2}{Second Classification Algorithm: ANN \(Artificial Neural Network\)}{section.5}% 7
\BOOKMARK [2][-]{subsection.5.3}{Third Classification Algorithm: KNN \(K-Nearest Neighbors\)}{section.5}% 8
\BOOKMARK [2][-]{subsection.5.4}{Last Clustering Algorithm: K-Mean}{section.5}% 9
\BOOKMARK [1][-]{section.6}{Comparison and Performance Evaluation}{}% 10
\BOOKMARK [2][-]{subsection.6.1}{Decision Tree Entropy Criteria Features Selected Using Information Gain}{section.6}% 11
\BOOKMARK [2][-]{subsection.6.2}{Decision Tree Gini Criteria Features Selected Using Information Gain}{section.6}% 12
\BOOKMARK [2][-]{subsection.6.3}{Decision Tree Entropy Criteria Features Selected Using Correlation Matrix}{section.6}% 13
\BOOKMARK [2][-]{subsection.6.4}{Decision Tree Gini Criteria Features Selected Using Correlation Matrix}{section.6}% 14
\BOOKMARK [2][-]{subsection.6.5}{ANN Confusion Matrix On Features Selected Using Correlation Matrix}{section.6}% 15
\BOOKMARK [2][-]{subsection.6.6}{ANN Confusion Matrix On Features Selected Using Information Gain}{section.6}% 16
\BOOKMARK [2][-]{subsection.6.7}{KNN Confusion Matrix On Features Selected Using Correlation matrix}{section.6}% 17
\BOOKMARK [2][-]{subsection.6.8}{KNN Confusion Matrix On Features Selected Using Information Gain}{section.6}% 18
\BOOKMARK [2][-]{subsection.6.9}{Comparing Decision Tree, ANN, KNN Best F1 Score, Accuracy and Error Rate}{section.6}% 19
\BOOKMARK [2][-]{subsection.6.10}{K-Means Algorithm}{section.6}% 20
\BOOKMARK [1][-]{section.7}{Conclusions}{}% 21
